<?xml version="1.0" encoding="UTF-8"?>
<!-- Generated by org.testng.reporters.JUnitReportReporter -->
<testsuite hostname="Rishabh-PC" name="com.selenium.LoginTest" tests="1" failures="0" timestamp="1 Feb 2016 23:06:43 GMT" time="23.545" errors="0">
  <testcase name="test" time="23.545" classname="com.selenium.LoginTest"/>
</testsuite> <!-- com.selenium.LoginTest -->
